Using pre-set license
Built from '2022.3/staging' branch; Version is '2022.3.44f1 (c3ae09b9f03c) revision 12824073'; Using compiler version '192829333'; Build Type 'Release'
OS: 'Windows 11  (10.0.22621) 64bit Professional' Language: 'uk' Physical Memory: 16232 MB
BatchMode: 1, IsHumanControllingUs: 0, StartBugReporterOnCrash: 0, Is64bit: 1, IsPro: 1

COMMAND LINE ARGUMENTS:
C:\Program Files\Unity\Hub\Editor\2022.3.44f1\Editor\Unity.exe
-adb2
-batchMode
-noUpm
-name
AssetImportWorker1
-projectPath
C:/Users/Chaklun/Documents/GitHub/Unity_Homework_3D
-logFile
Logs/AssetImportWorker1.log
-srvPort
64003
Successfully changed project path to: C:/Users/Chaklun/Documents/GitHub/Unity_Homework_3D
C:/Users/Chaklun/Documents/GitHub/Unity_Homework_3D
[UnityMemory] Configuration Parameters - Can be set up in boot.config
    "memorysetup-bucket-allocator-granularity=16"
    "memorysetup-bucket-allocator-bucket-count=8"
    "memorysetup-bucket-allocator-block-size=33554432"
    "memorysetup-bucket-allocator-block-count=8"
    "memorysetup-main-allocator-block-size=16777216"
    "memorysetup-thread-allocator-block-size=16777216"
    "memorysetup-gfx-main-allocator-block-size=16777216"
    "memorysetup-gfx-thread-allocator-block-size=16777216"
    "memorysetup-cache-allocator-block-size=4194304"
    "memorysetup-typetree-allocator-block-size=2097152"
    "memorysetup-profiler-bucket-allocator-granularity=16"
    "memorysetup-profiler-bucket-allocator-bucket-count=8"
    "memorysetup-profiler-bucket-allocator-block-size=33554432"
    "memorysetup-profiler-bucket-allocator-block-count=8"
    "memorysetup-profiler-allocator-block-size=16777216"
    "memorysetup-profiler-editor-allocator-block-size=1048576"
    "memorysetup-temp-allocator-size-main=16777216"
    "memorysetup-job-temp-allocator-block-size=2097152"
    "memorysetup-job-temp-allocator-block-size-background=1048576"
    "memorysetup-job-temp-allocator-reduction-small-platforms=262144"
    "memorysetup-allocator-temp-initial-block-size-main=262144"
    "memorysetup-allocator-temp-initial-block-size-worker=262144"
    "memorysetup-temp-allocator-size-background-worker=32768"
    "memorysetup-temp-allocator-size-job-worker=262144"
    "memorysetup-temp-allocator-size-preload-manager=33554432"
    "memorysetup-temp-allocator-size-nav-mesh-worker=65536"
    "memorysetup-temp-allocator-size-audio-worker=65536"
    "memorysetup-temp-allocator-size-cloud-worker=32768"
    "memorysetup-temp-allocator-size-gi-baking-worker=262144"
    "memorysetup-temp-allocator-size-gfx=262144"
Player connection [4312]  Target information:

Player connection [4312]  * "[IP] 192.168.31.87 [Port] 0 [Flags] 2 [Guid] 1699249353 [EditorId] 1699249353 [Version] 1048832 [Id] WindowsEditor(7,KOMPUTER) [Debug] 1 [PackageName] WindowsEditor [ProjectName] Editor" 

Player connection [4312] Host joined multi-casting on [225.0.0.222:54997]...
Player connection [4312] Host joined alternative multi-casting on [225.0.0.222:34997]...
[PhysX] Initialized MultithreadedTaskDispatcher with 12 workers.
Refreshing native plugins compatible for Editor in 13.95 ms, found 3 plugins.
Preloading 0 native plugins for Editor in 0.00 ms.
Initialize engine version: 2022.3.44f1 (c3ae09b9f03c)
[Subsystems] Discovering subsystems at path C:/Program Files/Unity/Hub/Editor/2022.3.44f1/Editor/Data/Resources/UnitySubsystems
[Subsystems] Discovering subsystems at path C:/Users/Chaklun/Documents/GitHub/Unity_Homework_3D/Assets
GfxDevice: creating device client; threaded=0; jobified=0
Direct3D:
    Version:  Direct3D 11.0 [level 11.1]
    Renderer: NVIDIA GeForce RTX 3060 (ID=0x2504)
    Vendor:   NVIDIA
    VRAM:     12115 MB
    Driver:   32.0.15.6094
Initialize mono
Mono path[0] = 'C:/Program Files/Unity/Hub/Editor/2022.3.44f1/Editor/Data/Managed'
Mono path[1] = 'C:/Program Files/Unity/Hub/Editor/2022.3.44f1/Editor/Data/MonoBleedingEdge/lib/mono/unityjit-win32'
Mono config path = 'C:/Program Files/Unity/Hub/Editor/2022.3.44f1/Editor/Data/MonoBleedingEdge/etc'
Using monoOptions --debugger-agent=transport=dt_socket,embedding=1,server=y,suspend=n,address=127.0.0.1:56328
Begin MonoManager ReloadAssembly
Registering precompiled unity dll's ...
Register platform support module: C:/Program Files/Unity/Hub/Editor/2022.3.44f1/Editor/Data/PlaybackEngines/WebGLSupport/UnityEditor.WebGL.Extensions.dll
Register platform support module: C:/Program Files/Unity/Hub/Editor/2022.3.44f1/Editor/Data/PlaybackEngines/WindowsStandaloneSupport/UnityEditor.WindowsStandalone.Extensions.dll
Registered in 0.017093 seconds.
- Loaded All Assemblies, in  0.685 seconds
Native extension for WindowsStandalone target not found
Native extension for WebGL target not found
Mono: successfully reloaded assembly
- Finished resetting the current domain, in  0.490 seconds
Domain Reload Profiling: 1172ms
	BeginReloadAssembly (222ms)
		ExecutionOrderSort (0ms)
		DisableScriptedObjects (0ms)
		BackupInstance (0ms)
		ReleaseScriptingObjects (0ms)
		CreateAndSetChildDomain (1ms)
	RebuildCommonClasses (49ms)
	RebuildNativeTypeToScriptingClass (16ms)
	initialDomainReloadingComplete (117ms)
	LoadAllAssembliesAndSetupDomain (277ms)
		LoadAssemblies (217ms)
		RebuildTransferFunctionScriptingTraits (0ms)
		AnalyzeDomain (274ms)
			TypeCache.Refresh (271ms)
				TypeCache.ScanAssembly (243ms)
			ScanForSourceGeneratedMonoScriptInfo (1ms)
			ResolveRequiredComponents (1ms)
	FinalizeReload (491ms)
		ReleaseScriptCaches (0ms)
		RebuildScriptCaches (0ms)
		SetupLoadedEditorAssemblies (388ms)
			LogAssemblyErrors (0ms)
			InitializePlatformSupportModulesInManaged (23ms)
			SetLoadedEditorAssemblies (13ms)
			RefreshPlugins (0ms)
			BeforeProcessingInitializeOnLoad (3ms)
			ProcessInitializeOnLoadAttributes (274ms)
			ProcessInitializeOnLoadMethodAttributes (75ms)
			AfterProcessingInitializeOnLoad (0ms)
			EditorAssembliesLoaded (0ms)
		ExecutionOrderSort2 (0ms)
		AwakeInstancesAfterBackupRestoration (0ms)
========================================================================
Worker process is ready to serve import requests
Caller must complete domain reload
Begin MonoManager ReloadAssembly
- Loaded All Assemblies, in  0.824 seconds
Native extension for WindowsStandalone target not found
Native extension for WebGL target not found
Package Manager log level set to [2]
[Package Manager] Server::EnsureServerProcessIsRunning -- launch failed, reason: Unity was launched with the -noUpm command-line argument
[Package Manager] UpmClient::Send -- Unable to send message (not connected to UPM process).
[Package Manager] Cannot connect to Unity Package Manager local server
Mono: successfully reloaded assembly
- Finished resetting the current domain, in  0.688 seconds
Domain Reload Profiling: 1507ms
	BeginReloadAssembly (198ms)
		ExecutionOrderSort (0ms)
		DisableScriptedObjects (6ms)
		BackupInstance (0ms)
		ReleaseScriptingObjects (0ms)
		CreateAndSetChildDomain (26ms)
	RebuildCommonClasses (40ms)
	RebuildNativeTypeToScriptingClass (12ms)
	initialDomainReloadingComplete (55ms)
	LoadAllAssembliesAndSetupDomain (514ms)
		LoadAssemblies (390ms)
		RebuildTransferFunctionScriptingTraits (0ms)
		AnalyzeDomain (243ms)
			TypeCache.Refresh (210ms)
				TypeCache.ScanAssembly (187ms)
			ScanForSourceGeneratedMonoScriptInfo (21ms)
			ResolveRequiredComponents (10ms)
	FinalizeReload (688ms)
		ReleaseScriptCaches (0ms)
		RebuildScriptCaches (0ms)
		SetupLoadedEditorAssemblies (503ms)
			LogAssemblyErrors (0ms)
			InitializePlatformSupportModulesInManaged (12ms)
			SetLoadedEditorAssemblies (4ms)
			RefreshPlugins (0ms)
			BeforeProcessingInitializeOnLoad (68ms)
			ProcessInitializeOnLoadAttributes (382ms)
			ProcessInitializeOnLoadMethodAttributes (27ms)
			AfterProcessingInitializeOnLoad (10ms)
			EditorAssembliesLoaded (0ms)
		ExecutionOrderSort2 (0ms)
		AwakeInstancesAfterBackupRestoration (7ms)
Launched and connected shader compiler UnityShaderCompiler.exe after 0.05 seconds
Refreshing native plugins compatible for Editor in 5.09 ms, found 3 plugins.
Preloading 0 native plugins for Editor in 0.00 ms.
Unloading 3101 Unused Serialized files (Serialized files now loaded: 0)
Unloading 19 unused Assets / (54.6 KB). Loaded Objects now: 3570.
Memory consumption went from 119.4 MB to 119.3 MB.
Total: 3.071800 ms (FindLiveObjects: 0.275600 ms CreateObjectMapping: 0.332900 ms MarkObjects: 2.361700 ms  DeleteObjects: 0.100600 ms)

AssetImportParameters requested are different than current active one (requested -> active):
  custom:container-demuxer-ogg: 62fdf1f143b41e24485cea50d1cbac27 -> 
  custom:video-codec-MediaFoundation-h265: 746d11721c4dcdbdad8f713fa42b33f4 -> 
  custom:video-decoder-ogg-theora: a1e56fd34408186e4bbccfd4996cb3dc -> 
  custom:framework-win-MediaFoundation: 216162199b28c13a410421893ffa2e32 -> 
  custom:CustomObjectIndexerAttribute: 9a22284fe3817be447336de3de66b15e -> 
  custom:container-demuxer-webm: 4f35f7cbe854078d1ac9338744f61a02 -> 
  custom:container-muxer-webm: aa71ff27fc2769a1b78a27578f13a17b -> 
  custom:video-decoder-webm-vp8: 9c59270c3fd7afecdb556c50c9e8de78 -> 
  custom:SearchIndexIgnoredProperties: e643bd26f0fe6173181afceb89e7c659 -> 
  custom:AudioImporter_EditorPlatform: d09bf68614088b80899f8185d706f6e7 -> 
  custom:video-encoder-webm-vp8: eb34c28f22e8b96e1ab97ce403110664 -> 
  custom:audio-decoder-ogg-vorbis: bf7c407c2cedff20999df2af8eb42d56 -> 
  custom:audio-encoder-webm-vorbis: bf7c407c2cedff20999df2af8eb42d56 -> 
========================================================================
Received Import Request.
  Time since last request: 38766.969234 seconds.
  path: Assets/Prefabs/Target.prefab
  artifactKey: Guid(d92cc8385578e30498722ac9976cdb2f) Importer(815301076,1909f56bfc062723c751e8b465ee728b)
Start importing Assets/Prefabs/Target.prefab using Guid(d92cc8385578e30498722ac9976cdb2f) Importer(815301076,1909f56bfc062723c751e8b465ee728b) [PhysX] Initialized MultithreadedTaskDispatcher with 12 workers.
[PhysX] Initialized MultithreadedTaskDispatcher with 12 workers.
 -> (artifact id: 'e3afa6793c34656da79def6ee5766e74') in 0.309108 seconds
Number of updated asset objects reloaded before import = 0
Number of asset objects unloaded after import = 195
========================================================================
Received Import Request.
  Time since last request: 1055.130909 seconds.
  path: Assets/Into Insanity Vol. 2/grimyth - Bach to Cat.wav
  artifactKey: Guid(fc56f3156bc0d054eb718d16627ab78a) Importer(815301076,1909f56bfc062723c751e8b465ee728b)
Start importing Assets/Into Insanity Vol. 2/grimyth - Bach to Cat.wav using Guid(fc56f3156bc0d054eb718d16627ab78a) Importer(815301076,1909f56bfc062723c751e8b465ee728b) [PhysX] Initialized MultithreadedTaskDispatcher with 12 workers.
[PhysX] Initialized MultithreadedTaskDispatcher with 12 workers.
 -> (artifact id: '0d14749f130a4fbd3ba70fc93551aa56') in 0.038747 seconds
Number of updated asset objects reloaded before import = 0
Number of asset objects unloaded after import = 2
========================================================================
Received Import Request.
  Time since last request: 0.000022 seconds.
  path: Assets/Into Insanity Vol. 2/grimyth - The Way Out.wav
  artifactKey: Guid(393bd907729a00b40a960bff7ac6008f) Importer(815301076,1909f56bfc062723c751e8b465ee728b)
Start importing Assets/Into Insanity Vol. 2/grimyth - The Way Out.wav using Guid(393bd907729a00b40a960bff7ac6008f) Importer(815301076,1909f56bfc062723c751e8b465ee728b) [PhysX] Initialized MultithreadedTaskDispatcher with 12 workers.
[PhysX] Initialized MultithreadedTaskDispatcher with 12 workers.
 -> (artifact id: 'f132eeb95c9f552a6638d586bbb0f3c5') in 0.004964 seconds
Number of updated asset objects reloaded before import = 0
Number of asset objects unloaded after import = 2
========================================================================
Received Import Request.
  Time since last request: 0.000063 seconds.
  path: Assets/Into Insanity Vol. 2/grimyth - You shouldn't have come here.wav
  artifactKey: Guid(c33b728aa1755894a8632c218792b9dd) Importer(815301076,1909f56bfc062723c751e8b465ee728b)
Start importing Assets/Into Insanity Vol. 2/grimyth - You shouldn't have come here.wav using Guid(c33b728aa1755894a8632c218792b9dd) Importer(815301076,1909f56bfc062723c751e8b465ee728b) [PhysX] Initialized MultithreadedTaskDispatcher with 12 workers.
[PhysX] Initialized MultithreadedTaskDispatcher with 12 workers.
 -> (artifact id: '582ea2dea45081d2744846628cd356d9') in 0.007324 seconds
Number of updated asset objects reloaded before import = 0
Number of asset objects unloaded after import = 2
========================================================================
Received Import Request.
  Time since last request: 0.000021 seconds.
  path: Assets/Into Insanity Vol. 2/grimyth - Empty Vessel.wav
  artifactKey: Guid(2c960f1abf013f04cbd91f8cc43cd906) Importer(815301076,1909f56bfc062723c751e8b465ee728b)
Start importing Assets/Into Insanity Vol. 2/grimyth - Empty Vessel.wav using Guid(2c960f1abf013f04cbd91f8cc43cd906) Importer(815301076,1909f56bfc062723c751e8b465ee728b) [PhysX] Initialized MultithreadedTaskDispatcher with 12 workers.
[PhysX] Initialized MultithreadedTaskDispatcher with 12 workers.
 -> (artifact id: 'a3ef9e89e8f844d83ca45297c13c9849') in 0.005799 seconds
Number of updated asset objects reloaded before import = 0
Number of asset objects unloaded after import = 2
========================================================================
Received Import Request.
  Time since last request: 0.000089 seconds.
  path: Assets/Into Insanity Vol. 2/grimyth - Skybox 8.wav
  artifactKey: Guid(bdd41bcdf8329334ba29927710a495a9) Importer(815301076,1909f56bfc062723c751e8b465ee728b)
Start importing Assets/Into Insanity Vol. 2/grimyth - Skybox 8.wav using Guid(bdd41bcdf8329334ba29927710a495a9) Importer(815301076,1909f56bfc062723c751e8b465ee728b) [PhysX] Initialized MultithreadedTaskDispatcher with 12 workers.
[PhysX] Initialized MultithreadedTaskDispatcher with 12 workers.
 -> (artifact id: '15382c0eb6756781e339d35f5891ffc6') in 0.005375 seconds
Number of updated asset objects reloaded before import = 0
Number of asset objects unloaded after import = 2
========================================================================
Received Import Request.
  Time since last request: 0.000075 seconds.
  path: Assets/Into Insanity Vol. 2/grimyth - Dungeon XIII.wav
  artifactKey: Guid(08026223c60278e4e9ece9c4ada9afde) Importer(815301076,1909f56bfc062723c751e8b465ee728b)
Start importing Assets/Into Insanity Vol. 2/grimyth - Dungeon XIII.wav using Guid(08026223c60278e4e9ece9c4ada9afde) Importer(815301076,1909f56bfc062723c751e8b465ee728b) [PhysX] Initialized MultithreadedTaskDispatcher with 12 workers.
[PhysX] Initialized MultithreadedTaskDispatcher with 12 workers.
 -> (artifact id: 'cfa3014540fb8f8e29f16b02b64c8c1c') in 0.006334 seconds
Number of updated asset objects reloaded before import = 0
Number of asset objects unloaded after import = 2
========================================================================
Received Import Request.
  Time since last request: 0.000019 seconds.
  path: Assets/Into Insanity Vol. 2/Grimyth - Dungeon XV.wav
  artifactKey: Guid(6296e1718234b344591c31c82f4324df) Importer(815301076,1909f56bfc062723c751e8b465ee728b)
Start importing Assets/Into Insanity Vol. 2/Grimyth - Dungeon XV.wav using Guid(6296e1718234b344591c31c82f4324df) Importer(815301076,1909f56bfc062723c751e8b465ee728b) [PhysX] Initialized MultithreadedTaskDispatcher with 12 workers.
[PhysX] Initialized MultithreadedTaskDispatcher with 12 workers.
 -> (artifact id: '11cf41224fd4ab474ad6e7a3cfca89d0') in 0.087694 seconds
Number of updated asset objects reloaded before import = 0
Number of asset objects unloaded after import = 2
========================================================================
Received Import Request.
  Time since last request: 0.000022 seconds.
  path: Assets/Into Insanity Vol. 2/grimyth - Ghost In The Machine.wav
  artifactKey: Guid(d7362e2bae1289c4595b16e665addaf0) Importer(815301076,1909f56bfc062723c751e8b465ee728b)
Start importing Assets/Into Insanity Vol. 2/grimyth - Ghost In The Machine.wav using Guid(d7362e2bae1289c4595b16e665addaf0) Importer(815301076,1909f56bfc062723c751e8b465ee728b) [PhysX] Initialized MultithreadedTaskDispatcher with 12 workers.
[PhysX] Initialized MultithreadedTaskDispatcher with 12 workers.
 -> (artifact id: '159c0537d482398b49c89c800bdedd42') in 0.006781 seconds
Number of updated asset objects reloaded before import = 0
Number of asset objects unloaded after import = 2
========================================================================
Received Import Request.
  Time since last request: 0.000026 seconds.
  path: Assets/Into Insanity Vol. 2/grimyth - Dungeon XII.wav
  artifactKey: Guid(2443009fcc73197478217cde8dfb18e9) Importer(815301076,1909f56bfc062723c751e8b465ee728b)
Start importing Assets/Into Insanity Vol. 2/grimyth - Dungeon XII.wav using Guid(2443009fcc73197478217cde8dfb18e9) Importer(815301076,1909f56bfc062723c751e8b465ee728b) [PhysX] Initialized MultithreadedTaskDispatcher with 12 workers.
[PhysX] Initialized MultithreadedTaskDispatcher with 12 workers.
 -> (artifact id: 'bab9f69f5a6f1ee09ac6832207f5bb38') in 0.006413 seconds
Number of updated asset objects reloaded before import = 0
Number of asset objects unloaded after import = 2
========================================================================
Received Import Request.
  Time since last request: 0.000016 seconds.
  path: Assets/Into Insanity Vol. 2/grimyth - Mumurs of The Deep.wav
  artifactKey: Guid(620111e8a47ab8849979d687eced694b) Importer(815301076,1909f56bfc062723c751e8b465ee728b)
Start importing Assets/Into Insanity Vol. 2/grimyth - Mumurs of The Deep.wav using Guid(620111e8a47ab8849979d687eced694b) Importer(815301076,1909f56bfc062723c751e8b465ee728b) [PhysX] Initialized MultithreadedTaskDispatcher with 12 workers.
[PhysX] Initialized MultithreadedTaskDispatcher with 12 workers.
 -> (artifact id: '4a4e2ba7e2c638d8e8c10f93469206f3') in 0.005495 seconds
Number of updated asset objects reloaded before import = 0
Number of asset objects unloaded after import = 2
========================================================================
Received Import Request.
  Time since last request: 0.000033 seconds.
  path: Assets/Into Insanity Vol. 2/grimyth - Submarine.wav
  artifactKey: Guid(cd700dedca789524c8a9af7b367ba89d) Importer(815301076,1909f56bfc062723c751e8b465ee728b)
Start importing Assets/Into Insanity Vol. 2/grimyth - Submarine.wav using Guid(cd700dedca789524c8a9af7b367ba89d) Importer(815301076,1909f56bfc062723c751e8b465ee728b) [PhysX] Initialized MultithreadedTaskDispatcher with 12 workers.
[PhysX] Initialized MultithreadedTaskDispatcher with 12 workers.
 -> (artifact id: 'f30481a671aaf4a322d70d990535001b') in 0.006088 seconds
Number of updated asset objects reloaded before import = 0
Number of asset objects unloaded after import = 2
========================================================================
Received Import Request.
  Time since last request: 0.000024 seconds.
  path: Assets/Into Insanity Vol. 2/grimyth - Woodborne.wav
  artifactKey: Guid(4398017f8ffc6b540a28322661fa4e24) Importer(815301076,1909f56bfc062723c751e8b465ee728b)
Start importing Assets/Into Insanity Vol. 2/grimyth - Woodborne.wav using Guid(4398017f8ffc6b540a28322661fa4e24) Importer(815301076,1909f56bfc062723c751e8b465ee728b) [PhysX] Initialized MultithreadedTaskDispatcher with 12 workers.
[PhysX] Initialized MultithreadedTaskDispatcher with 12 workers.
 -> (artifact id: 'd4e374e90c6396bcf5f4f4d50b755679') in 0.008931 seconds
Number of updated asset objects reloaded before import = 0
Number of asset objects unloaded after import = 2
========================================================================
Received Import Request.
  Time since last request: 0.000022 seconds.
  path: Assets/Into Insanity Vol. 2/grimyth - Feathered Friend.wav
  artifactKey: Guid(6132c1b5e3847e743b4da97c6e000258) Importer(815301076,1909f56bfc062723c751e8b465ee728b)
Start importing Assets/Into Insanity Vol. 2/grimyth - Feathered Friend.wav using Guid(6132c1b5e3847e743b4da97c6e000258) Importer(815301076,1909f56bfc062723c751e8b465ee728b) [PhysX] Initialized MultithreadedTaskDispatcher with 12 workers.
[PhysX] Initialized MultithreadedTaskDispatcher with 12 workers.
 -> (artifact id: 'da3aa06459d50837b61b0ca14044d4f7') in 0.005745 seconds
Number of updated asset objects reloaded before import = 0
Number of asset objects unloaded after import = 2
========================================================================
Received Import Request.
  Time since last request: 0.000033 seconds.
  path: Assets/Into Insanity Vol. 2/grimyth - Skybox 2.wav
  artifactKey: Guid(7bfd8672177211245b630f237d86ff52) Importer(815301076,1909f56bfc062723c751e8b465ee728b)
Start importing Assets/Into Insanity Vol. 2/grimyth - Skybox 2.wav using Guid(7bfd8672177211245b630f237d86ff52) Importer(815301076,1909f56bfc062723c751e8b465ee728b) [PhysX] Initialized MultithreadedTaskDispatcher with 12 workers.
[PhysX] Initialized MultithreadedTaskDispatcher with 12 workers.
 -> (artifact id: '336538b6b0ed6dff26f62e139cddb299') in 0.007456 seconds
Number of updated asset objects reloaded before import = 0
Number of asset objects unloaded after import = 2
========================================================================
Received Import Request.
  Time since last request: 0.000022 seconds.
  path: Assets/Into Insanity Vol. 2/grimyth - Skybox 3.wav
  artifactKey: Guid(6984219e8ede31744940d140802a5454) Importer(815301076,1909f56bfc062723c751e8b465ee728b)
Start importing Assets/Into Insanity Vol. 2/grimyth - Skybox 3.wav using Guid(6984219e8ede31744940d140802a5454) Importer(815301076,1909f56bfc062723c751e8b465ee728b) [PhysX] Initialized MultithreadedTaskDispatcher with 12 workers.
[PhysX] Initialized MultithreadedTaskDispatcher with 12 workers.
 -> (artifact id: '7aebac965db8fd4718433199f6673473') in 0.005971 seconds
Number of updated asset objects reloaded before import = 0
Number of asset objects unloaded after import = 2
========================================================================
Received Import Request.
  Time since last request: 0.000019 seconds.
  path: Assets/Into Insanity Vol. 2/grimyth - The Eternal Void.wav
  artifactKey: Guid(5135eb70e87ebeb498e296f8170a048f) Importer(815301076,1909f56bfc062723c751e8b465ee728b)
Start importing Assets/Into Insanity Vol. 2/grimyth - The Eternal Void.wav using Guid(5135eb70e87ebeb498e296f8170a048f) Importer(815301076,1909f56bfc062723c751e8b465ee728b) [PhysX] Initialized MultithreadedTaskDispatcher with 12 workers.
[PhysX] Initialized MultithreadedTaskDispatcher with 12 workers.
 -> (artifact id: 'e800ee4e4a606a75d4e77ef129d32563') in 0.005081 seconds
Number of updated asset objects reloaded before import = 0
Number of asset objects unloaded after import = 2
========================================================================
Received Import Request.
  Time since last request: 0.000018 seconds.
  path: Assets/Into Insanity Vol. 2/grimyth - Skybox.wav
  artifactKey: Guid(cd491f117ba63924cb63ae8d65204a7e) Importer(815301076,1909f56bfc062723c751e8b465ee728b)
Start importing Assets/Into Insanity Vol. 2/grimyth - Skybox.wav using Guid(cd491f117ba63924cb63ae8d65204a7e) Importer(815301076,1909f56bfc062723c751e8b465ee728b) [PhysX] Initialized MultithreadedTaskDispatcher with 12 workers.
[PhysX] Initialized MultithreadedTaskDispatcher with 12 workers.
 -> (artifact id: '1c64f7d7e46d6e58f456e87c8244ae63') in 0.005066 seconds
Number of updated asset objects reloaded before import = 0
Number of asset objects unloaded after import = 2
========================================================================
Received Import Request.
  Time since last request: 0.000021 seconds.
  path: Assets/Into Insanity Vol. 2/grimyth - Descent Into Angelic Sorrow.wav
  artifactKey: Guid(87e74e6bec3d31646a7ff2915774efdc) Importer(815301076,1909f56bfc062723c751e8b465ee728b)
Start importing Assets/Into Insanity Vol. 2/grimyth - Descent Into Angelic Sorrow.wav using Guid(87e74e6bec3d31646a7ff2915774efdc) Importer(815301076,1909f56bfc062723c751e8b465ee728b) [PhysX] Initialized MultithreadedTaskDispatcher with 12 workers.
[PhysX] Initialized MultithreadedTaskDispatcher with 12 workers.
 -> (artifact id: 'eb10dd6568c28639b82f4b39cb326388') in 0.005399 seconds
Number of updated asset objects reloaded before import = 0
Number of asset objects unloaded after import = 2
========================================================================
Received Import Request.
  Time since last request: 0.000018 seconds.
  path: Assets/Into Insanity Vol. 2/grimyth - Secrets II.wav
  artifactKey: Guid(9610992307bb4c740af80fcf97b621db) Importer(815301076,1909f56bfc062723c751e8b465ee728b)
Start importing Assets/Into Insanity Vol. 2/grimyth - Secrets II.wav using Guid(9610992307bb4c740af80fcf97b621db) Importer(815301076,1909f56bfc062723c751e8b465ee728b) [PhysX] Initialized MultithreadedTaskDispatcher with 12 workers.
[PhysX] Initialized MultithreadedTaskDispatcher with 12 workers.
 -> (artifact id: '341c92d27d3342980c4d00ca9991c3d0') in 0.005984 seconds
Number of updated asset objects reloaded before import = 0
Number of asset objects unloaded after import = 2
========================================================================
Received Import Request.
  Time since last request: 0.000020 seconds.
  path: Assets/Into Insanity Vol. 2/grimyth - Best Friend II.wav
  artifactKey: Guid(f3e05d5f947cf7447b67b108aa75e493) Importer(815301076,1909f56bfc062723c751e8b465ee728b)
Start importing Assets/Into Insanity Vol. 2/grimyth - Best Friend II.wav using Guid(f3e05d5f947cf7447b67b108aa75e493) Importer(815301076,1909f56bfc062723c751e8b465ee728b) [PhysX] Initialized MultithreadedTaskDispatcher with 12 workers.
[PhysX] Initialized MultithreadedTaskDispatcher with 12 workers.
 -> (artifact id: '515846cbadb175102f5acc1615653f5f') in 0.006318 seconds
Number of updated asset objects reloaded before import = 0
Number of asset objects unloaded after import = 2
========================================================================
Received Import Request.
  Time since last request: 0.000018 seconds.
  path: Assets/Into Insanity Vol. 2/grimyth - Mushroom Cloud.wav
  artifactKey: Guid(c7e450d2a107d8645ba952d6fedd8546) Importer(815301076,1909f56bfc062723c751e8b465ee728b)
Start importing Assets/Into Insanity Vol. 2/grimyth - Mushroom Cloud.wav using Guid(c7e450d2a107d8645ba952d6fedd8546) Importer(815301076,1909f56bfc062723c751e8b465ee728b) [PhysX] Initialized MultithreadedTaskDispatcher with 12 workers.
[PhysX] Initialized MultithreadedTaskDispatcher with 12 workers.
 -> (artifact id: 'a688d128f3b79f12b03103b543e08753') in 0.005449 seconds
Number of updated asset objects reloaded before import = 0
Number of asset objects unloaded after import = 2
========================================================================
Received Import Request.
  Time since last request: 0.000028 seconds.
  path: Assets/Into Insanity Vol. 2/grimyth - Neko.wav
  artifactKey: Guid(636f919cc4884444eb73b3f5f758e48c) Importer(815301076,1909f56bfc062723c751e8b465ee728b)
Start importing Assets/Into Insanity Vol. 2/grimyth - Neko.wav using Guid(636f919cc4884444eb73b3f5f758e48c) Importer(815301076,1909f56bfc062723c751e8b465ee728b) [PhysX] Initialized MultithreadedTaskDispatcher with 12 workers.
[PhysX] Initialized MultithreadedTaskDispatcher with 12 workers.
 -> (artifact id: '93b5a175350776f70fd6061f4b8b5c0a') in 0.005555 seconds
Number of updated asset objects reloaded before import = 0
Number of asset objects unloaded after import = 2
========================================================================
Received Import Request.
  Time since last request: 0.000029 seconds.
  path: Assets/Into Insanity Vol. 2/grimyth - Sleepy Head.wav
  artifactKey: Guid(51baa63f49b5827419d3928f586ac811) Importer(815301076,1909f56bfc062723c751e8b465ee728b)
Start importing Assets/Into Insanity Vol. 2/grimyth - Sleepy Head.wav using Guid(51baa63f49b5827419d3928f586ac811) Importer(815301076,1909f56bfc062723c751e8b465ee728b) [PhysX] Initialized MultithreadedTaskDispatcher with 12 workers.
[PhysX] Initialized MultithreadedTaskDispatcher with 12 workers.
 -> (artifact id: '6bbbb8bf62c242b342db72ec1a56137a') in 0.007244 seconds
Number of updated asset objects reloaded before import = 0
Number of asset objects unloaded after import = 2
========================================================================
Received Import Request.
  Time since last request: 0.000025 seconds.
  path: Assets/Into Insanity Vol. 2/grimyth - The Light.wav
  artifactKey: Guid(79ac6c9bad82de840a40fbf776e87767) Importer(815301076,1909f56bfc062723c751e8b465ee728b)
Start importing Assets/Into Insanity Vol. 2/grimyth - The Light.wav using Guid(79ac6c9bad82de840a40fbf776e87767) Importer(815301076,1909f56bfc062723c751e8b465ee728b) [PhysX] Initialized MultithreadedTaskDispatcher with 12 workers.
[PhysX] Initialized MultithreadedTaskDispatcher with 12 workers.
 -> (artifact id: '051227682d9783de88a4d89f6202d8b5') in 0.005715 seconds
Number of updated asset objects reloaded before import = 0
Number of asset objects unloaded after import = 2
========================================================================
Received Import Request.
  Time since last request: 0.000019 seconds.
  path: Assets/Into Insanity Vol. 2/grimyth - Hot Elephant Balloon.wav
  artifactKey: Guid(fa26725db93797b46b40d5aa553d55ef) Importer(815301076,1909f56bfc062723c751e8b465ee728b)
Start importing Assets/Into Insanity Vol. 2/grimyth - Hot Elephant Balloon.wav using Guid(fa26725db93797b46b40d5aa553d55ef) Importer(815301076,1909f56bfc062723c751e8b465ee728b) [PhysX] Initialized MultithreadedTaskDispatcher with 12 workers.
[PhysX] Initialized MultithreadedTaskDispatcher with 12 workers.
 -> (artifact id: '925840dd518936970004268cf5e59dda') in 0.005464 seconds
Number of updated asset objects reloaded before import = 0
Number of asset objects unloaded after import = 2
========================================================================
Received Import Request.
  Time since last request: 0.000019 seconds.
  path: Assets/Into Insanity Vol. 2/grimyth - Deep Space Buddha.wav
  artifactKey: Guid(c183493f45f29b0429a42cd7f6496551) Importer(815301076,1909f56bfc062723c751e8b465ee728b)
Start importing Assets/Into Insanity Vol. 2/grimyth - Deep Space Buddha.wav using Guid(c183493f45f29b0429a42cd7f6496551) Importer(815301076,1909f56bfc062723c751e8b465ee728b) [PhysX] Initialized MultithreadedTaskDispatcher with 12 workers.
[PhysX] Initialized MultithreadedTaskDispatcher with 12 workers.
 -> (artifact id: '531373f95cd7d45e2a4dd6505a80d94c') in 0.007070 seconds
Number of updated asset objects reloaded before import = 0
Number of asset objects unloaded after import = 2
========================================================================
Received Import Request.
  Time since last request: 0.000019 seconds.
  path: Assets/Into Insanity Vol. 2/grimyth - Skybox 6.wav
  artifactKey: Guid(a2714890408fccf4d9f0476e7b67e3dd) Importer(815301076,1909f56bfc062723c751e8b465ee728b)
Start importing Assets/Into Insanity Vol. 2/grimyth - Skybox 6.wav using Guid(a2714890408fccf4d9f0476e7b67e3dd) Importer(815301076,1909f56bfc062723c751e8b465ee728b) [PhysX] Initialized MultithreadedTaskDispatcher with 12 workers.
[PhysX] Initialized MultithreadedTaskDispatcher with 12 workers.
 -> (artifact id: '13453581fd5bebe7730c48187c2315fe') in 0.006101 seconds
Number of updated asset objects reloaded before import = 0
Number of asset objects unloaded after import = 2
========================================================================
Received Import Request.
  Time since last request: 0.000021 seconds.
  path: Assets/Into Insanity Vol. 2/grimyth - You Seem Different.wav
  artifactKey: Guid(a8865e3d0ae61e947a32b330e05aa9ed) Importer(815301076,1909f56bfc062723c751e8b465ee728b)
Start importing Assets/Into Insanity Vol. 2/grimyth - You Seem Different.wav using Guid(a8865e3d0ae61e947a32b330e05aa9ed) Importer(815301076,1909f56bfc062723c751e8b465ee728b) [PhysX] Initialized MultithreadedTaskDispatcher with 12 workers.
[PhysX] Initialized MultithreadedTaskDispatcher with 12 workers.
 -> (artifact id: '86d684db838cb46618b3186bd41012d6') in 0.006100 seconds
Number of updated asset objects reloaded before import = 0
Number of asset objects unloaded after import = 2
========================================================================
Received Import Request.
  Time since last request: 0.000035 seconds.
  path: Assets/Into Insanity Vol. 2/grimyth - Skybox 5.wav
  artifactKey: Guid(4799f9f7ba3f23246909f6e7e1778881) Importer(815301076,1909f56bfc062723c751e8b465ee728b)
Start importing Assets/Into Insanity Vol. 2/grimyth - Skybox 5.wav using Guid(4799f9f7ba3f23246909f6e7e1778881) Importer(815301076,1909f56bfc062723c751e8b465ee728b) [PhysX] Initialized MultithreadedTaskDispatcher with 12 workers.
[PhysX] Initialized MultithreadedTaskDispatcher with 12 workers.
 -> (artifact id: 'b406ce30d03c45cb83779bd4a6dc827d') in 0.006203 seconds
Number of updated asset objects reloaded before import = 0
Number of asset objects unloaded after import = 2
========================================================================
Received Import Request.
  Time since last request: 0.000024 seconds.
  path: Assets/Into Insanity Vol. 2/grimyth - Forsaken Music Box.wav
  artifactKey: Guid(07accc3413fedb44cae52e8d2dc03756) Importer(815301076,1909f56bfc062723c751e8b465ee728b)
Start importing Assets/Into Insanity Vol. 2/grimyth - Forsaken Music Box.wav using Guid(07accc3413fedb44cae52e8d2dc03756) Importer(815301076,1909f56bfc062723c751e8b465ee728b) [PhysX] Initialized MultithreadedTaskDispatcher with 12 workers.
[PhysX] Initialized MultithreadedTaskDispatcher with 12 workers.
 -> (artifact id: '762f57f2734e6d83fb735cccca771a72') in 0.044332 seconds
Number of updated asset objects reloaded before import = 0
Number of asset objects unloaded after import = 2
========================================================================
Received Import Request.
  Time since last request: 0.000021 seconds.
  path: Assets/Into Insanity Vol. 2/grimyth - Dungeon VIII-2.wav
  artifactKey: Guid(7fb776954142f734389ceeb2cfdeba51) Importer(815301076,1909f56bfc062723c751e8b465ee728b)
Start importing Assets/Into Insanity Vol. 2/grimyth - Dungeon VIII-2.wav using Guid(7fb776954142f734389ceeb2cfdeba51) Importer(815301076,1909f56bfc062723c751e8b465ee728b) [PhysX] Initialized MultithreadedTaskDispatcher with 12 workers.
[PhysX] Initialized MultithreadedTaskDispatcher with 12 workers.
 -> (artifact id: 'bf691dd0feddff6099bad13ace637a7a') in 0.005260 seconds
Number of updated asset objects reloaded before import = 0
Number of asset objects unloaded after import = 2
========================================================================
Received Import Request.
  Time since last request: 4823.808711 seconds.
  path: Assets/Into Insanity Vol. 1/grimyth - Beyond Earth.wav
  artifactKey: Guid(90a30ce9314083b419728a288b2260ff) Importer(815301076,1909f56bfc062723c751e8b465ee728b)
Start importing Assets/Into Insanity Vol. 1/grimyth - Beyond Earth.wav using Guid(90a30ce9314083b419728a288b2260ff) Importer(815301076,1909f56bfc062723c751e8b465ee728b) [PhysX] Initialized MultithreadedTaskDispatcher with 12 workers.
[PhysX] Initialized MultithreadedTaskDispatcher with 12 workers.
 -> (artifact id: 'c71dde2f2a2abdf3964c65726040235c') in 0.006141 seconds
Number of updated asset objects reloaded before import = 0
Number of asset objects unloaded after import = 2
========================================================================
Received Import Request.
  Time since last request: 0.003027 seconds.
  path: Assets/Into Insanity Vol. 1/grimyth - Cocoon.wav
  artifactKey: Guid(5638cc41d1f78d742a6132ed1f2bf5e8) Importer(815301076,1909f56bfc062723c751e8b465ee728b)
Start importing Assets/Into Insanity Vol. 1/grimyth - Cocoon.wav using Guid(5638cc41d1f78d742a6132ed1f2bf5e8) Importer(815301076,1909f56bfc062723c751e8b465ee728b) [PhysX] Initialized MultithreadedTaskDispatcher with 12 workers.
[PhysX] Initialized MultithreadedTaskDispatcher with 12 workers.
 -> (artifact id: '8338d02a81754f101488bcaa3c584d75') in 0.005967 seconds
Number of updated asset objects reloaded before import = 0
Number of asset objects unloaded after import = 2
========================================================================
Received Import Request.
  Time since last request: 0.000065 seconds.
  path: Assets/Into Insanity Vol. 1/grimyth - Dungeon.wav
  artifactKey: Guid(4c603b1c036d44e4fa6d36e6ff78ffd2) Importer(815301076,1909f56bfc062723c751e8b465ee728b)
Start importing Assets/Into Insanity Vol. 1/grimyth - Dungeon.wav using Guid(4c603b1c036d44e4fa6d36e6ff78ffd2) Importer(815301076,1909f56bfc062723c751e8b465ee728b) [PhysX] Initialized MultithreadedTaskDispatcher with 12 workers.
[PhysX] Initialized MultithreadedTaskDispatcher with 12 workers.
 -> (artifact id: 'acbfbbdebc8bdaf1c5b7e82a816b36e3') in 0.004934 seconds
Number of updated asset objects reloaded before import = 0
Number of asset objects unloaded after import = 2
========================================================================
Received Import Request.
  Time since last request: 0.000054 seconds.
  path: Assets/Into Insanity Vol. 1/grimyth - Call of The Sea.wav
  artifactKey: Guid(baadaa5ec2d56534ab93933b819a3f7e) Importer(815301076,1909f56bfc062723c751e8b465ee728b)
Start importing Assets/Into Insanity Vol. 1/grimyth - Call of The Sea.wav using Guid(baadaa5ec2d56534ab93933b819a3f7e) Importer(815301076,1909f56bfc062723c751e8b465ee728b) [PhysX] Initialized MultithreadedTaskDispatcher with 12 workers.
[PhysX] Initialized MultithreadedTaskDispatcher with 12 workers.
 -> (artifact id: 'a21d1a75ea4a032b89e39ea30103abf8') in 0.004565 seconds
Number of updated asset objects reloaded before import = 0
Number of asset objects unloaded after import = 2
========================================================================
Received Import Request.
  Time since last request: 0.000018 seconds.
  path: Assets/Into Insanity Vol. 1/grimyth - Dungeon IV.wav
  artifactKey: Guid(0ff6caedfd34b8d48b96129c03b36ac9) Importer(815301076,1909f56bfc062723c751e8b465ee728b)
Start importing Assets/Into Insanity Vol. 1/grimyth - Dungeon IV.wav using Guid(0ff6caedfd34b8d48b96129c03b36ac9) Importer(815301076,1909f56bfc062723c751e8b465ee728b) [PhysX] Initialized MultithreadedTaskDispatcher with 12 workers.
[PhysX] Initialized MultithreadedTaskDispatcher with 12 workers.
 -> (artifact id: '998b09b3737cf0673a7cfdcfc03d77a1') in 0.004741 seconds
Number of updated asset objects reloaded before import = 0
Number of asset objects unloaded after import = 2
========================================================================
Received Import Request.
  Time since last request: 0.000014 seconds.
  path: Assets/Into Insanity Vol. 1/grimyth - Dungeon V.wav
  artifactKey: Guid(d7338865646534645b15f2aa6e2a39a8) Importer(815301076,1909f56bfc062723c751e8b465ee728b)
Start importing Assets/Into Insanity Vol. 1/grimyth - Dungeon V.wav using Guid(d7338865646534645b15f2aa6e2a39a8) Importer(815301076,1909f56bfc062723c751e8b465ee728b) [PhysX] Initialized MultithreadedTaskDispatcher with 12 workers.
[PhysX] Initialized MultithreadedTaskDispatcher with 12 workers.
 -> (artifact id: '782ba3760b9004a6047d9d14fc812a65') in 0.004220 seconds
Number of updated asset objects reloaded before import = 0
Number of asset objects unloaded after import = 2
========================================================================
Received Import Request.
  Time since last request: 0.000014 seconds.
  path: Assets/Into Insanity Vol. 1/grimyth - Dungeon X.wav
  artifactKey: Guid(2ec46a7ad6ff1c749b1dd3c1c575dc10) Importer(815301076,1909f56bfc062723c751e8b465ee728b)
Start importing Assets/Into Insanity Vol. 1/grimyth - Dungeon X.wav using Guid(2ec46a7ad6ff1c749b1dd3c1c575dc10) Importer(815301076,1909f56bfc062723c751e8b465ee728b) [PhysX] Initialized MultithreadedTaskDispatcher with 12 workers.
[PhysX] Initialized MultithreadedTaskDispatcher with 12 workers.
 -> (artifact id: '6bb470fee14155c206cee94e34eeb7ca') in 0.004571 seconds
Number of updated asset objects reloaded before import = 0
Number of asset objects unloaded after import = 2
========================================================================
Received Import Request.
  Time since last request: 0.000013 seconds.
  path: Assets/Into Insanity Vol. 1/grimyth - Full Moon.wav
  artifactKey: Guid(e3cee21d6926956489453e6bc6f70e0c) Importer(815301076,1909f56bfc062723c751e8b465ee728b)
Start importing Assets/Into Insanity Vol. 1/grimyth - Full Moon.wav using Guid(e3cee21d6926956489453e6bc6f70e0c) Importer(815301076,1909f56bfc062723c751e8b465ee728b) [PhysX] Initialized MultithreadedTaskDispatcher with 12 workers.
[PhysX] Initialized MultithreadedTaskDispatcher with 12 workers.
 -> (artifact id: '4026771d47c1278f448c7104784913a7') in 0.004636 seconds
Number of updated asset objects reloaded before import = 0
Number of asset objects unloaded after import = 2
========================================================================
Received Import Request.
  Time since last request: 0.000015 seconds.
  path: Assets/Into Insanity Vol. 1/grimyth - Help Me.wav
  artifactKey: Guid(1b5b6284a98f0834b8b9d2fc2b75693a) Importer(815301076,1909f56bfc062723c751e8b465ee728b)
Start importing Assets/Into Insanity Vol. 1/grimyth - Help Me.wav using Guid(1b5b6284a98f0834b8b9d2fc2b75693a) Importer(815301076,1909f56bfc062723c751e8b465ee728b) [PhysX] Initialized MultithreadedTaskDispatcher with 12 workers.
[PhysX] Initialized MultithreadedTaskDispatcher with 12 workers.
 -> (artifact id: '6fa07859cb5c9de32f937e673cac1d0b') in 0.004642 seconds
Number of updated asset objects reloaded before import = 0
Number of asset objects unloaded after import = 2
========================================================================
Received Import Request.
  Time since last request: 0.000059 seconds.
  path: Assets/Into Insanity Vol. 1/grimyth - Forgotten Souls.wav
  artifactKey: Guid(a8d937b5303ec0e4d8200bb821821fa0) Importer(815301076,1909f56bfc062723c751e8b465ee728b)
Start importing Assets/Into Insanity Vol. 1/grimyth - Forgotten Souls.wav using Guid(a8d937b5303ec0e4d8200bb821821fa0) Importer(815301076,1909f56bfc062723c751e8b465ee728b) [PhysX] Initialized MultithreadedTaskDispatcher with 12 workers.
[PhysX] Initialized MultithreadedTaskDispatcher with 12 workers.
 -> (artifact id: '419034de4e938e531efdec5eb3093ee6') in 0.005665 seconds
Number of updated asset objects reloaded before import = 0
Number of asset objects unloaded after import = 2
========================================================================
Received Import Request.
  Time since last request: 0.000018 seconds.
  path: Assets/Into Insanity Vol. 1/grimyth - Quiet Life.wav
  artifactKey: Guid(858887a847b5e064d8413767c9fbc987) Importer(815301076,1909f56bfc062723c751e8b465ee728b)
Start importing Assets/Into Insanity Vol. 1/grimyth - Quiet Life.wav using Guid(858887a847b5e064d8413767c9fbc987) Importer(815301076,1909f56bfc062723c751e8b465ee728b) [PhysX] Initialized MultithreadedTaskDispatcher with 12 workers.
[PhysX] Initialized MultithreadedTaskDispatcher with 12 workers.
 -> (artifact id: '5a3268795ab9227790db74c5e6cf56c4') in 0.004663 seconds
Number of updated asset objects reloaded before import = 0
Number of asset objects unloaded after import = 2
========================================================================
Received Import Request.
  Time since last request: 0.000016 seconds.
  path: Assets/Into Insanity Vol. 1/grimyth - Secrets.wav
  artifactKey: Guid(d1ae78ead8413794197e49a693cdfbd2) Importer(815301076,1909f56bfc062723c751e8b465ee728b)
Start importing Assets/Into Insanity Vol. 1/grimyth - Secrets.wav using Guid(d1ae78ead8413794197e49a693cdfbd2) Importer(815301076,1909f56bfc062723c751e8b465ee728b) [PhysX] Initialized MultithreadedTaskDispatcher with 12 workers.
[PhysX] Initialized MultithreadedTaskDispatcher with 12 workers.
 -> (artifact id: '53168aeba5822a806e912f153e5c4da5') in 0.004755 seconds
Number of updated asset objects reloaded before import = 0
Number of asset objects unloaded after import = 2
========================================================================
Received Import Request.
  Time since last request: 0.000015 seconds.
  path: Assets/Into Insanity Vol. 1/grimyth - Fountain of Grief.wav
  artifactKey: Guid(208d1ef02d30c5a41bc62587d45eefa9) Importer(815301076,1909f56bfc062723c751e8b465ee728b)
Start importing Assets/Into Insanity Vol. 1/grimyth - Fountain of Grief.wav using Guid(208d1ef02d30c5a41bc62587d45eefa9) Importer(815301076,1909f56bfc062723c751e8b465ee728b) [PhysX] Initialized MultithreadedTaskDispatcher with 12 workers.
[PhysX] Initialized MultithreadedTaskDispatcher with 12 workers.
 -> (artifact id: '8b718256ef1f3d26defb8e06581b6712') in 0.005890 seconds
Number of updated asset objects reloaded before import = 0
Number of asset objects unloaded after import = 2
========================================================================
Received Import Request.
  Time since last request: 0.000018 seconds.
  path: Assets/Into Insanity Vol. 1/grimyth - Unroot.wav
  artifactKey: Guid(77588e93b0897944a94948e068d24c07) Importer(815301076,1909f56bfc062723c751e8b465ee728b)
Start importing Assets/Into Insanity Vol. 1/grimyth - Unroot.wav using Guid(77588e93b0897944a94948e068d24c07) Importer(815301076,1909f56bfc062723c751e8b465ee728b) [PhysX] Initialized MultithreadedTaskDispatcher with 12 workers.
[PhysX] Initialized MultithreadedTaskDispatcher with 12 workers.
 -> (artifact id: 'd3a4e73191d9721ffb04f05aae17819b') in 0.004773 seconds
Number of updated asset objects reloaded before import = 0
Number of asset objects unloaded after import = 2
========================================================================
Received Import Request.
  Time since last request: 0.000017 seconds.
  path: Assets/Into Insanity Vol. 1/grimyth - Infected.wav
  artifactKey: Guid(8f02857ad1e06eb49baf1f0dd1ad69e2) Importer(815301076,1909f56bfc062723c751e8b465ee728b)
Start importing Assets/Into Insanity Vol. 1/grimyth - Infected.wav using Guid(8f02857ad1e06eb49baf1f0dd1ad69e2) Importer(815301076,1909f56bfc062723c751e8b465ee728b) [PhysX] Initialized MultithreadedTaskDispatcher with 12 workers.
[PhysX] Initialized MultithreadedTaskDispatcher with 12 workers.
 -> (artifact id: '990aa967b1514225d4bbc4b8558fca07') in 0.004663 seconds
Number of updated asset objects reloaded before import = 0
Number of asset objects unloaded after import = 2
========================================================================
Received Import Request.
  Time since last request: 0.000023 seconds.
  path: Assets/Into Insanity Vol. 1/grimyth - Love Me.wav
  artifactKey: Guid(d07e29cb8af54e64f9b857ab64f0eb2c) Importer(815301076,1909f56bfc062723c751e8b465ee728b)
Start importing Assets/Into Insanity Vol. 1/grimyth - Love Me.wav using Guid(d07e29cb8af54e64f9b857ab64f0eb2c) Importer(815301076,1909f56bfc062723c751e8b465ee728b) [PhysX] Initialized MultithreadedTaskDispatcher with 12 workers.
[PhysX] Initialized MultithreadedTaskDispatcher with 12 workers.
 -> (artifact id: '76271f0a36b7a7cf9917b42324b14103') in 0.006456 seconds
Number of updated asset objects reloaded before import = 0
Number of asset objects unloaded after import = 2
========================================================================
Received Import Request.
  Time since last request: 0.000020 seconds.
  path: Assets/Into Insanity Vol. 1/grimyth - There's No Escape.wav
  artifactKey: Guid(8de36841533a79c419438c94a3e52938) Importer(815301076,1909f56bfc062723c751e8b465ee728b)
Start importing Assets/Into Insanity Vol. 1/grimyth - There's No Escape.wav using Guid(8de36841533a79c419438c94a3e52938) Importer(815301076,1909f56bfc062723c751e8b465ee728b) [PhysX] Initialized MultithreadedTaskDispatcher with 12 workers.
[PhysX] Initialized MultithreadedTaskDispatcher with 12 workers.
 -> (artifact id: 'f4f7627c4def50bb12618dfeb29ed1b6') in 0.005477 seconds
Number of updated asset objects reloaded before import = 0
Number of asset objects unloaded after import = 2
========================================================================
Received Import Request.
  Time since last request: 0.000018 seconds.
  path: Assets/Into Insanity Vol. 1/grimyth - Dungeon III.wav
  artifactKey: Guid(8ed15d9ce9104f649bbe1bd61674ca4b) Importer(815301076,1909f56bfc062723c751e8b465ee728b)
Start importing Assets/Into Insanity Vol. 1/grimyth - Dungeon III.wav using Guid(8ed15d9ce9104f649bbe1bd61674ca4b) Importer(815301076,1909f56bfc062723c751e8b465ee728b) [PhysX] Initialized MultithreadedTaskDispatcher with 12 workers.
[PhysX] Initialized MultithreadedTaskDispatcher with 12 workers.
 -> (artifact id: 'f049e8dbd84b35aa14eac8f67df2f1ee') in 0.006022 seconds
Number of updated asset objects reloaded before import = 0
Number of asset objects unloaded after import = 2
========================================================================
Received Import Request.
  Time since last request: 0.000019 seconds.
  path: Assets/Into Insanity Vol. 1/grimyth - Journey's End.wav
  artifactKey: Guid(21b323dc34c036248ad2c83bc0af4040) Importer(815301076,1909f56bfc062723c751e8b465ee728b)
Start importing Assets/Into Insanity Vol. 1/grimyth - Journey's End.wav using Guid(21b323dc34c036248ad2c83bc0af4040) Importer(815301076,1909f56bfc062723c751e8b465ee728b) [PhysX] Initialized MultithreadedTaskDispatcher with 12 workers.
[PhysX] Initialized MultithreadedTaskDispatcher with 12 workers.
 -> (artifact id: 'a28654ea235eb38045309284d002f3bb') in 0.005999 seconds
Number of updated asset objects reloaded before import = 0
Number of asset objects unloaded after import = 2
========================================================================
Received Import Request.
  Time since last request: 0.000015 seconds.
  path: Assets/Into Insanity Vol. 1/grimyth - Green Memory.wav
  artifactKey: Guid(ff28fcd384835f34fb87386f562c7e5e) Importer(815301076,1909f56bfc062723c751e8b465ee728b)
Start importing Assets/Into Insanity Vol. 1/grimyth - Green Memory.wav using Guid(ff28fcd384835f34fb87386f562c7e5e) Importer(815301076,1909f56bfc062723c751e8b465ee728b) [PhysX] Initialized MultithreadedTaskDispatcher with 12 workers.
[PhysX] Initialized MultithreadedTaskDispatcher with 12 workers.
 -> (artifact id: '3e9969a5254b41e56c9d8de7f39c9c65') in 0.004805 seconds
Number of updated asset objects reloaded before import = 0
Number of asset objects unloaded after import = 2
========================================================================
Received Import Request.
  Time since last request: 0.000018 seconds.
  path: Assets/Into Insanity Vol. 1/grimyth - Shrine of Amnesia.wav
  artifactKey: Guid(ae5d5a2765874da46bcdc2dbba214803) Importer(815301076,1909f56bfc062723c751e8b465ee728b)
Start importing Assets/Into Insanity Vol. 1/grimyth - Shrine of Amnesia.wav using Guid(ae5d5a2765874da46bcdc2dbba214803) Importer(815301076,1909f56bfc062723c751e8b465ee728b) [PhysX] Initialized MultithreadedTaskDispatcher with 12 workers.
[PhysX] Initialized MultithreadedTaskDispatcher with 12 workers.
 -> (artifact id: 'ae659062d758f93c963c11e79ceca7c3') in 0.005464 seconds
Number of updated asset objects reloaded before import = 0
Number of asset objects unloaded after import = 2
========================================================================
Received Import Request.
  Time since last request: 0.000021 seconds.
  path: Assets/Into Insanity Vol. 1/grimyth - Come With Me.wav
  artifactKey: Guid(601779db6d85fd74699daa4b1fea9966) Importer(815301076,1909f56bfc062723c751e8b465ee728b)
Start importing Assets/Into Insanity Vol. 1/grimyth - Come With Me.wav using Guid(601779db6d85fd74699daa4b1fea9966) Importer(815301076,1909f56bfc062723c751e8b465ee728b) [PhysX] Initialized MultithreadedTaskDispatcher with 12 workers.
[PhysX] Initialized MultithreadedTaskDispatcher with 12 workers.
 -> (artifact id: '0a13bc037a0a967f9c5a60ed678472a1') in 0.004753 seconds
Number of updated asset objects reloaded before import = 0
Number of asset objects unloaded after import = 2
========================================================================
Received Import Request.
  Time since last request: 0.000016 seconds.
  path: Assets/Into Insanity Vol. 1/grimyth - False Hope.wav
  artifactKey: Guid(99c301a0dad5ff142ac1f6fb79c5dade) Importer(815301076,1909f56bfc062723c751e8b465ee728b)
Start importing Assets/Into Insanity Vol. 1/grimyth - False Hope.wav using Guid(99c301a0dad5ff142ac1f6fb79c5dade) Importer(815301076,1909f56bfc062723c751e8b465ee728b) [PhysX] Initialized MultithreadedTaskDispatcher with 12 workers.
[PhysX] Initialized MultithreadedTaskDispatcher with 12 workers.
 -> (artifact id: '136d25beeb4ab185d9a3f033157c76db') in 0.005173 seconds
Number of updated asset objects reloaded before import = 0
Number of asset objects unloaded after import = 2
========================================================================
Received Import Request.
  Time since last request: 0.000054 seconds.
  path: Assets/Into Insanity Vol. 1/grimyth - Decisions.wav
  artifactKey: Guid(1a77b89b7470bc140963320b0d68d8f2) Importer(815301076,1909f56bfc062723c751e8b465ee728b)
Start importing Assets/Into Insanity Vol. 1/grimyth - Decisions.wav using Guid(1a77b89b7470bc140963320b0d68d8f2) Importer(815301076,1909f56bfc062723c751e8b465ee728b) [PhysX] Initialized MultithreadedTaskDispatcher with 12 workers.
[PhysX] Initialized MultithreadedTaskDispatcher with 12 workers.
 -> (artifact id: '017999623805986c0c942f3e9b1458e0') in 0.004929 seconds
Number of updated asset objects reloaded before import = 0
Number of asset objects unloaded after import = 2
========================================================================
Received Import Request.
  Time since last request: 0.000018 seconds.
  path: Assets/Into Insanity Vol. 1/grimyth - Dungeon IX.wav
  artifactKey: Guid(0ae7c96b9db674e42b9df38d616c8770) Importer(815301076,1909f56bfc062723c751e8b465ee728b)
Start importing Assets/Into Insanity Vol. 1/grimyth - Dungeon IX.wav using Guid(0ae7c96b9db674e42b9df38d616c8770) Importer(815301076,1909f56bfc062723c751e8b465ee728b) [PhysX] Initialized MultithreadedTaskDispatcher with 12 workers.
[PhysX] Initialized MultithreadedTaskDispatcher with 12 workers.
 -> (artifact id: '2b6a20182376189f7e35f640ff82fb02') in 0.004814 seconds
Number of updated asset objects reloaded before import = 0
Number of asset objects unloaded after import = 2
========================================================================
Received Import Request.
  Time since last request: 0.000016 seconds.
  path: Assets/Into Insanity Vol. 1/grimyth - Shrine of Undoing.wav
  artifactKey: Guid(ee0491b8c370827448e0658f0ae2462e) Importer(815301076,1909f56bfc062723c751e8b465ee728b)
Start importing Assets/Into Insanity Vol. 1/grimyth - Shrine of Undoing.wav using Guid(ee0491b8c370827448e0658f0ae2462e) Importer(815301076,1909f56bfc062723c751e8b465ee728b) [PhysX] Initialized MultithreadedTaskDispatcher with 12 workers.
[PhysX] Initialized MultithreadedTaskDispatcher with 12 workers.
 -> (artifact id: '61ff9c61e89b305aecee9f7d0bc200b9') in 0.006164 seconds
Number of updated asset objects reloaded before import = 0
Number of asset objects unloaded after import = 2
========================================================================
Received Import Request.
  Time since last request: 0.000015 seconds.
  path: Assets/Into Insanity Vol. 1/grimyth - Lost Toys.wav
  artifactKey: Guid(4b9790bbf33d13f41a63393863558e36) Importer(815301076,1909f56bfc062723c751e8b465ee728b)
Start importing Assets/Into Insanity Vol. 1/grimyth - Lost Toys.wav using Guid(4b9790bbf33d13f41a63393863558e36) Importer(815301076,1909f56bfc062723c751e8b465ee728b) [PhysX] Initialized MultithreadedTaskDispatcher with 12 workers.
[PhysX] Initialized MultithreadedTaskDispatcher with 12 workers.
 -> (artifact id: '5bf1b477e1e35342e8bccbab4d22e5f4') in 0.004889 seconds
Number of updated asset objects reloaded before import = 0
Number of asset objects unloaded after import = 2
========================================================================
Received Import Request.
  Time since last request: 0.000015 seconds.
  path: Assets/Into Insanity Vol. 1/grimyth - Undream.wav
  artifactKey: Guid(42deca0752977a94aad02bec452b2b8a) Importer(815301076,1909f56bfc062723c751e8b465ee728b)
Start importing Assets/Into Insanity Vol. 1/grimyth - Undream.wav using Guid(42deca0752977a94aad02bec452b2b8a) Importer(815301076,1909f56bfc062723c751e8b465ee728b) [PhysX] Initialized MultithreadedTaskDispatcher with 12 workers.
[PhysX] Initialized MultithreadedTaskDispatcher with 12 workers.
 -> (artifact id: '9f2b1bc297d29bc3056d380e4386d83f') in 0.005559 seconds
Number of updated asset objects reloaded before import = 0
Number of asset objects unloaded after import = 2
========================================================================
Received Import Request.
  Time since last request: 0.000020 seconds.
  path: Assets/Into Insanity Vol. 1/grimyth - Nocturnis Stronghold.wav
  artifactKey: Guid(8f6d119f1eb3fa9418432c5e92c8907d) Importer(815301076,1909f56bfc062723c751e8b465ee728b)
Start importing Assets/Into Insanity Vol. 1/grimyth - Nocturnis Stronghold.wav using Guid(8f6d119f1eb3fa9418432c5e92c8907d) Importer(815301076,1909f56bfc062723c751e8b465ee728b) [PhysX] Initialized MultithreadedTaskDispatcher with 12 workers.
[PhysX] Initialized MultithreadedTaskDispatcher with 12 workers.
 -> (artifact id: 'c5a3082e11a32c8d70dd3bd0aef7c35d') in 0.004945 seconds
Number of updated asset objects reloaded before import = 0
Number of asset objects unloaded after import = 2
========================================================================
Received Import Request.
  Time since last request: 0.000015 seconds.
  path: Assets/Into Insanity Vol. 1/grimyth - Please.wav
  artifactKey: Guid(cbcdeb6836e7308418d3c1b43310ee05) Importer(815301076,1909f56bfc062723c751e8b465ee728b)
Start importing Assets/Into Insanity Vol. 1/grimyth - Please.wav using Guid(cbcdeb6836e7308418d3c1b43310ee05) Importer(815301076,1909f56bfc062723c751e8b465ee728b) [PhysX] Initialized MultithreadedTaskDispatcher with 12 workers.
[PhysX] Initialized MultithreadedTaskDispatcher with 12 workers.
 -> (artifact id: 'a7f1b306447adad33287bf45c6fa33e8') in 0.005298 seconds
Number of updated asset objects reloaded before import = 0
Number of asset objects unloaded after import = 2
========================================================================
Received Import Request.
  Time since last request: 0.000014 seconds.
  path: Assets/Into Insanity Vol. 1/grimyth - Dungeon VIII.wav
  artifactKey: Guid(d7f489b78e2e18849906c4d4a7d95dd9) Importer(815301076,1909f56bfc062723c751e8b465ee728b)
Start importing Assets/Into Insanity Vol. 1/grimyth - Dungeon VIII.wav using Guid(d7f489b78e2e18849906c4d4a7d95dd9) Importer(815301076,1909f56bfc062723c751e8b465ee728b) [PhysX] Initialized MultithreadedTaskDispatcher with 12 workers.
[PhysX] Initialized MultithreadedTaskDispatcher with 12 workers.
 -> (artifact id: '83c7db455990254e622437ec6c21d393') in 0.005051 seconds
Number of updated asset objects reloaded before import = 0
Number of asset objects unloaded after import = 2
========================================================================
Received Import Request.
  Time since last request: 0.000016 seconds.
  path: Assets/Into Insanity Vol. 1/grimyth - Remember Me.wav
  artifactKey: Guid(99c43cf0e8ebd9b44bf2d142e7b3b725) Importer(815301076,1909f56bfc062723c751e8b465ee728b)
Start importing Assets/Into Insanity Vol. 1/grimyth - Remember Me.wav using Guid(99c43cf0e8ebd9b44bf2d142e7b3b725) Importer(815301076,1909f56bfc062723c751e8b465ee728b) [PhysX] Initialized MultithreadedTaskDispatcher with 12 workers.
[PhysX] Initialized MultithreadedTaskDispatcher with 12 workers.
 -> (artifact id: 'e48c5b1820be8ae89737024e81835165') in 0.004707 seconds
Number of updated asset objects reloaded before import = 0
Number of asset objects unloaded after import = 2
========================================================================
Received Prepare
Caller must complete domain reload
Begin MonoManager ReloadAssembly
- Loaded All Assemblies, in  0.461 seconds
Native extension for WindowsStandalone target not found
Native extension for WebGL target not found
[Package Manager] Server::EnsureServerProcessIsRunning -- launch failed, reason: Unity was launched with the -noUpm command-line argument
[Package Manager] UpmClient::Send -- Unable to send message (not connected to UPM process).
[Package Manager] Cannot connect to Unity Package Manager local server
Mono: successfully reloaded assembly
- Finished resetting the current domain, in  0.890 seconds
Domain Reload Profiling: 1346ms
	BeginReloadAssembly (163ms)
		ExecutionOrderSort (0ms)
		DisableScriptedObjects (5ms)
		BackupInstance (0ms)
		ReleaseScriptingObjects (0ms)
		CreateAndSetChildDomain (34ms)
	RebuildCommonClasses (44ms)
	RebuildNativeTypeToScriptingClass (11ms)
	initialDomainReloadingComplete (37ms)
	LoadAllAssembliesAndSetupDomain (201ms)
		LoadAssemblies (277ms)
		RebuildTransferFunctionScriptingTraits (0ms)
		AnalyzeDomain (12ms)
			TypeCache.Refresh (5ms)
				TypeCache.ScanAssembly (0ms)
			ScanForSourceGeneratedMonoScriptInfo (0ms)
			ResolveRequiredComponents (6ms)
	FinalizeReload (890ms)
		ReleaseScriptCaches (0ms)
		RebuildScriptCaches (0ms)
		SetupLoadedEditorAssemblies (384ms)
			LogAssemblyErrors (0ms)
			InitializePlatformSupportModulesInManaged (8ms)
			SetLoadedEditorAssemblies (3ms)
			RefreshPlugins (0ms)
			BeforeProcessingInitializeOnLoad (64ms)
			ProcessInitializeOnLoadAttributes (281ms)
			ProcessInitializeOnLoadMethodAttributes (19ms)
			AfterProcessingInitializeOnLoad (9ms)
			EditorAssembliesLoaded (0ms)
		ExecutionOrderSort2 (0ms)
		AwakeInstancesAfterBackupRestoration (8ms)
Refreshing native plugins compatible for Editor in 5.79 ms, found 3 plugins.
Preloading 0 native plugins for Editor in 0.00 ms.
Unloading 3093 Unused Serialized files (Serialized files now loaded: 0)
Unloading 14 unused Assets / (28.5 KB). Loaded Objects now: 3585.
Memory consumption went from 124.5 MB to 124.5 MB.
Total: 2.877600 ms (FindLiveObjects: 0.250200 ms CreateObjectMapping: 0.209800 ms MarkObjects: 2.380900 ms  DeleteObjects: 0.035900 ms)

Prepare: number of updated asset objects reloaded= 0
AssetImportParameters requested are different than current active one (requested -> active):
  custom:container-demuxer-ogg: 62fdf1f143b41e24485cea50d1cbac27 -> 
  custom:video-codec-MediaFoundation-h265: 746d11721c4dcdbdad8f713fa42b33f4 -> 
  custom:video-decoder-ogg-theora: a1e56fd34408186e4bbccfd4996cb3dc -> 
  custom:framework-win-MediaFoundation: 216162199b28c13a410421893ffa2e32 -> 
  custom:CustomObjectIndexerAttribute: 9a22284fe3817be447336de3de66b15e -> 
  custom:container-demuxer-webm: 4f35f7cbe854078d1ac9338744f61a02 -> 
  custom:container-muxer-webm: aa71ff27fc2769a1b78a27578f13a17b -> 
  custom:video-decoder-webm-vp8: 9c59270c3fd7afecdb556c50c9e8de78 -> 
  custom:SearchIndexIgnoredProperties: e643bd26f0fe6173181afceb89e7c659 -> 
  custom:AudioImporter_EditorPlatform: d09bf68614088b80899f8185d706f6e7 -> 
  custom:video-encoder-webm-vp8: eb34c28f22e8b96e1ab97ce403110664 -> 
  custom:audio-decoder-ogg-vorbis: bf7c407c2cedff20999df2af8eb42d56 -> 
  custom:audio-encoder-webm-vorbis: bf7c407c2cedff20999df2af8eb42d56 -> 
========================================================================
Received Import Request.
  Time since last request: 556.251361 seconds.
  path: Assets/Scripts/MovementInput.cs
  artifactKey: Guid(765bda08129c37c43afb8361506205bd) Importer(815301076,1909f56bfc062723c751e8b465ee728b)
Start importing Assets/Scripts/MovementInput.cs using Guid(765bda08129c37c43afb8361506205bd) Importer(815301076,1909f56bfc062723c751e8b465ee728b) [PhysX] Initialized MultithreadedTaskDispatcher with 12 workers.
 -> (artifact id: 'c225b1d8ad0bf00123a730ea068b7244') in 0.002736 seconds
Number of updated asset objects reloaded before import = 0
Number of asset objects unloaded after import = 0
========================================================================
Received Import Request.
  Time since last request: 4.354331 seconds.
  path: Assets/MovementInput.cs
  artifactKey: Guid(c3ce1d63565a1d244b1c00fd29bd39c2) Importer(815301076,1909f56bfc062723c751e8b465ee728b)
Start importing Assets/MovementInput.cs using Guid(c3ce1d63565a1d244b1c00fd29bd39c2) Importer(815301076,1909f56bfc062723c751e8b465ee728b) [PhysX] Initialized MultithreadedTaskDispatcher with 12 workers.
 -> (artifact id: 'af1bc3652f8950ed73b2977dcd5d6cb1') in 0.000591 seconds
Number of updated asset objects reloaded before import = 0
Number of asset objects unloaded after import = 0
========================================================================
Received Prepare
Caller must complete domain reload
Begin MonoManager ReloadAssembly
- Loaded All Assemblies, in  0.451 seconds
Native extension for WindowsStandalone target not found
Native extension for WebGL target not found
[Package Manager] Server::EnsureServerProcessIsRunning -- launch failed, reason: Unity was launched with the -noUpm command-line argument
[Package Manager] UpmClient::Send -- Unable to send message (not connected to UPM process).
[Package Manager] Cannot connect to Unity Package Manager local server
Mono: successfully reloaded assembly
- Finished resetting the current domain, in  0.928 seconds
Domain Reload Profiling: 1375ms
	BeginReloadAssembly (150ms)
		ExecutionOrderSort (0ms)
		DisableScriptedObjects (8ms)
		BackupInstance (0ms)
		ReleaseScriptingObjects (0ms)
		CreateAndSetChildDomain (29ms)
	RebuildCommonClasses (38ms)
	RebuildNativeTypeToScriptingClass (11ms)
	initialDomainReloadingComplete (31ms)
	LoadAllAssembliesAndSetupDomain (216ms)
		LoadAssemblies (271ms)
		RebuildTransferFunctionScriptingTraits (0ms)
		AnalyzeDomain (25ms)
			TypeCache.Refresh (11ms)
				TypeCache.ScanAssembly (0ms)
			ScanForSourceGeneratedMonoScriptInfo (7ms)
			ResolveRequiredComponents (5ms)
	FinalizeReload (929ms)
		ReleaseScriptCaches (0ms)
		RebuildScriptCaches (0ms)
		SetupLoadedEditorAssemblies (390ms)
			LogAssemblyErrors (0ms)
			InitializePlatformSupportModulesInManaged (8ms)
			SetLoadedEditorAssemblies (3ms)
			RefreshPlugins (0ms)
			BeforeProcessingInitializeOnLoad (60ms)
			ProcessInitializeOnLoadAttributes (284ms)
			ProcessInitializeOnLoadMethodAttributes (24ms)
			AfterProcessingInitializeOnLoad (11ms)
			EditorAssembliesLoaded (0ms)
		ExecutionOrderSort2 (0ms)
		AwakeInstancesAfterBackupRestoration (7ms)
Refreshing native plugins compatible for Editor in 4.41 ms, found 3 plugins.
Preloading 0 native plugins for Editor in 0.00 ms.
Unloading 3092 Unused Serialized files (Serialized files now loaded: 0)
Unloading 15 unused Assets / (29.0 KB). Loaded Objects now: 3587.
Memory consumption went from 124.5 MB to 124.4 MB.
Total: 2.854100 ms (FindLiveObjects: 0.231900 ms CreateObjectMapping: 0.204100 ms MarkObjects: 2.372000 ms  DeleteObjects: 0.045200 ms)

Prepare: number of updated asset objects reloaded= 0
AssetImportParameters requested are different than current active one (requested -> active):
  custom:container-demuxer-ogg: 62fdf1f143b41e24485cea50d1cbac27 -> 
  custom:video-codec-MediaFoundation-h265: 746d11721c4dcdbdad8f713fa42b33f4 -> 
  custom:video-decoder-ogg-theora: a1e56fd34408186e4bbccfd4996cb3dc -> 
  custom:framework-win-MediaFoundation: 216162199b28c13a410421893ffa2e32 -> 
  custom:CustomObjectIndexerAttribute: 9a22284fe3817be447336de3de66b15e -> 
  custom:container-demuxer-webm: 4f35f7cbe854078d1ac9338744f61a02 -> 
  custom:container-muxer-webm: aa71ff27fc2769a1b78a27578f13a17b -> 
  custom:video-decoder-webm-vp8: 9c59270c3fd7afecdb556c50c9e8de78 -> 
  custom:SearchIndexIgnoredProperties: e643bd26f0fe6173181afceb89e7c659 -> 
  custom:AudioImporter_EditorPlatform: d09bf68614088b80899f8185d706f6e7 -> 
  custom:video-encoder-webm-vp8: eb34c28f22e8b96e1ab97ce403110664 -> 
  custom:audio-decoder-ogg-vorbis: bf7c407c2cedff20999df2af8eb42d56 -> 
  custom:audio-encoder-webm-vorbis: bf7c407c2cedff20999df2af8eb42d56 -> 
========================================================================
Received Prepare
Caller must complete domain reload
Begin MonoManager ReloadAssembly
- Loaded All Assemblies, in  0.433 seconds
Native extension for WindowsStandalone target not found
Native extension for WebGL target not found
[Package Manager] Server::EnsureServerProcessIsRunning -- launch failed, reason: Unity was launched with the -noUpm command-line argument
[Package Manager] UpmClient::Send -- Unable to send message (not connected to UPM process).
[Package Manager] Cannot connect to Unity Package Manager local server
Mono: successfully reloaded assembly
- Finished resetting the current domain, in  0.915 seconds
Domain Reload Profiling: 1344ms
	BeginReloadAssembly (149ms)
		ExecutionOrderSort (0ms)
		DisableScriptedObjects (5ms)
		BackupInstance (0ms)
		ReleaseScriptingObjects (0ms)
		CreateAndSetChildDomain (28ms)
	RebuildCommonClasses (33ms)
	RebuildNativeTypeToScriptingClass (11ms)
	initialDomainReloadingComplete (31ms)
	LoadAllAssembliesAndSetupDomain (205ms)
		LoadAssemblies (276ms)
		RebuildTransferFunctionScriptingTraits (0ms)
		AnalyzeDomain (13ms)
			TypeCache.Refresh (5ms)
				TypeCache.ScanAssembly (0ms)
			ScanForSourceGeneratedMonoScriptInfo (0ms)
			ResolveRequiredComponents (6ms)
	FinalizeReload (915ms)
		ReleaseScriptCaches (0ms)
		RebuildScriptCaches (0ms)
		SetupLoadedEditorAssemblies (398ms)
			LogAssemblyErrors (0ms)
			InitializePlatformSupportModulesInManaged (10ms)
			SetLoadedEditorAssemblies (3ms)
			RefreshPlugins (0ms)
			BeforeProcessingInitializeOnLoad (62ms)
			ProcessInitializeOnLoadAttributes (289ms)
			ProcessInitializeOnLoadMethodAttributes (23ms)
			AfterProcessingInitializeOnLoad (10ms)
			EditorAssembliesLoaded (0ms)
		ExecutionOrderSort2 (0ms)
		AwakeInstancesAfterBackupRestoration (7ms)
Refreshing native plugins compatible for Editor in 4.29 ms, found 3 plugins.
Preloading 0 native plugins for Editor in 0.00 ms.
Unloading 3093 Unused Serialized files (Serialized files now loaded: 0)
Unloading 14 unused Assets / (28.4 KB). Loaded Objects now: 3590.
Memory consumption went from 124.7 MB to 124.7 MB.
Total: 2.809600 ms (FindLiveObjects: 0.215600 ms CreateObjectMapping: 0.165300 ms MarkObjects: 2.392800 ms  DeleteObjects: 0.035000 ms)

Prepare: number of updated asset objects reloaded= 0
AssetImportParameters requested are different than current active one (requested -> active):
  custom:container-demuxer-ogg: 62fdf1f143b41e24485cea50d1cbac27 -> 
  custom:video-codec-MediaFoundation-h265: 746d11721c4dcdbdad8f713fa42b33f4 -> 
  custom:video-decoder-ogg-theora: a1e56fd34408186e4bbccfd4996cb3dc -> 
  custom:framework-win-MediaFoundation: 216162199b28c13a410421893ffa2e32 -> 
  custom:CustomObjectIndexerAttribute: 9a22284fe3817be447336de3de66b15e -> 
  custom:container-demuxer-webm: 4f35f7cbe854078d1ac9338744f61a02 -> 
  custom:container-muxer-webm: aa71ff27fc2769a1b78a27578f13a17b -> 
  custom:video-decoder-webm-vp8: 9c59270c3fd7afecdb556c50c9e8de78 -> 
  custom:SearchIndexIgnoredProperties: e643bd26f0fe6173181afceb89e7c659 -> 
  custom:AudioImporter_EditorPlatform: d09bf68614088b80899f8185d706f6e7 -> 
  custom:video-encoder-webm-vp8: eb34c28f22e8b96e1ab97ce403110664 -> 
  custom:audio-decoder-ogg-vorbis: bf7c407c2cedff20999df2af8eb42d56 -> 
  custom:audio-encoder-webm-vorbis: bf7c407c2cedff20999df2af8eb42d56 -> 
